Added Component: Designator=C1(Panasonic VS C)
Added Component: Designator=C2(Panasonic VS C)
Added Component: Designator=C6(Panasonic VS C)
Added Component: Designator=C7(Panasonic VS C)
Added Component: Designator=C14(Panasonic VS C)
Added Component: Designator=R2(SM 0805 - gap trimmed)
Added Component: Designator=R3(SM 0805 - gap trimmed)
Added Component: Designator=R4(SM 0805 - gap trimmed)
Added Component: Designator=R6(SM 0805 - gap trimmed)
Added Component: Designator=R7(SM 0805 - gap trimmed)
Added Component: Designator=R8(SM 0805 - gap trimmed)
Added Component: Designator=R9(SM 0805 - gap trimmed)
Added Component: Designator=R10(SM 0805 - gap trimmed)
Added Component: Designator=R11(SM 0805 - gap trimmed)
Added Component: Designator=R12(SM 0805 - gap trimmed)
Added Component: Designator=R13(SM 0805 - gap trimmed)
Added Component: Designator=R14(SM 0805 - gap trimmed)
Added Component: Designator=R15(SM 0805 - gap trimmed)
Added Component: Designator=R16(SM 0805 - gap trimmed)
Added Component: Designator=R17(SM 0805 - gap trimmed)
Added Component: Designator=R18(SM 0805 - gap trimmed)
Added Component: Designator=R19(SM 0805 - gap trimmed)
Added Component: Designator=R20(SM 0805 - gap trimmed)
Added Component: Designator=R21(SM 0805 - gap trimmed)
Added Component: Designator=R22(SM 0805 - gap trimmed)
Added Component: Designator=R23(SM 0805 - gap trimmed)
Added Component: Designator=R27(SM 0805 - gap trimmed)
Added Pin To Net: NetName=NetC1_1 Pin=C1-1
Added Pin To Net: NetName=NetC1_2 Pin=C1-2
Added Pin To Net: NetName=NetC2_1 Pin=C2-1
Added Pin To Net: NetName=NetC2_2 Pin=C2-2
Added Pin To Net: NetName=NetC6_1 Pin=C6-1
Added Pin To Net: NetName=NetC6_2 Pin=C6-2
Added Pin To Net: NetName=NetC7_1 Pin=C7-1
Added Pin To Net: NetName=NetC7_2 Pin=C7-2
Added Pin To Net: NetName=9VCC Pin=C14-1
Added Pin To Net: NetName=GND Pin=C14-2
Added Pin To Net: NetName=NetC1_2 Pin=R2-1
Added Pin To Net: NetName=NetR2_2 Pin=R2-2
Added Pin To Net: NetName=GND Pin=R3-1
Added Pin To Net: NetName=NetC3_2 Pin=R3-2
Added Pin To Net: NetName=GND Pin=R4-1
Added Pin To Net: NetName=NetQ1_1 Pin=R4-2
Added Pin To Net: NetName=NetC2_1 Pin=R6-1
Added Pin To Net: NetName=9VCC Pin=R6-2
Added Pin To Net: NetName=NetC3_2 Pin=R7-1
Added Pin To Net: NetName=9VCC Pin=R7-2
Added Pin To Net: NetName=NetC8_2 Pin=R8-1
Added Pin To Net: NetName=NetC9_1 Pin=R8-2
Added Pin To Net: NetName=NetC4_1 Pin=R9-1
Added Pin To Net: NetName=NetC1_1 Pin=R9-2
Added Pin To Net: NetName=GND Pin=R10-1
Added Pin To Net: NetName=NetQ2_1 Pin=R10-2
Added Pin To Net: NetName=NetC11_2 Pin=R11-1
Added Pin To Net: NetName=9VCC Pin=R11-2
Added Pin To Net: NetName=NetC7_2 Pin=R12-1
Added Pin To Net: NetName=NetC13_2 Pin=R12-2
Added Pin To Net: NetName=9VCC Pin=R13-1
Added Pin To Net: NetName=NetC4_1 Pin=R13-2
Added Pin To Net: NetName=GND Pin=R14-1
Added Pin To Net: NetName=NetC1_1 Pin=R14-2
Added Pin To Net: NetName=NetC11_2 Pin=R15-1
Added Pin To Net: NetName=NetC7_2 Pin=R15-2
Added Pin To Net: NetName=GND Pin=R16-1
Added Pin To Net: NetName=NetC7_2 Pin=R16-2
Added Pin To Net: NetName=NetC12_2 Pin=R17-1
Added Pin To Net: NetName=NetC6_2 Pin=R17-2
Added Pin To Net: NetName=NetC12_2 Pin=R18-1
Added Pin To Net: NetName=9VCC Pin=R18-2
Added Pin To Net: NetName=NetC6_2 Pin=R19-1
Added Pin To Net: NetName=NetC5_2 Pin=R19-2
Added Pin To Net: NetName=GND Pin=R20-1
Added Pin To Net: NetName=NetC6_2 Pin=R20-2
Added Pin To Net: NetName=GND Pin=R21-1
Added Pin To Net: NetName=NetEM_SW2_1 Pin=R21-2
Added Pin To Net: NetName=GND Pin=R22-1
Added Pin To Net: NetName=NetEM_SW1_1 Pin=R22-2
Added Pin To Net: NetName=GND Pin=R23-1
Added Pin To Net: NetName=NetR23_2 Pin=R23-2
Added Pin To Net: NetName=9VCC Pin=R27-1
Added Pin To Net: NetName=NetDC_JACK_2 Pin=R27-2
Added Member To Class: ClassName=PiModulos Member=Component C1 VS C 7.4mm
Added Member To Class: ClassName=PiModulos Member=Component C2 VS C 7.4mm
Added Member To Class: ClassName=PiModulos Member=Component C6 VS C 7.4mm
Added Member To Class: ClassName=PiModulos Member=Component C7 VS C 7.4mm
Added Member To Class: ClassName=PiModulos Member=Component C14 VS C 7.4mm
Added Member To Class: ClassName=PiModulos Member=Component R2 0805
Added Member To Class: ClassName=PiModulos Member=Component R3 0805
Added Member To Class: ClassName=PiModulos Member=Component R4 0805
Added Member To Class: ClassName=PiModulos Member=Component R6 0805
Added Member To Class: ClassName=PiModulos Member=Component R7 0805
Added Member To Class: ClassName=PiModulos Member=Component R8 0805
Added Member To Class: ClassName=PiModulos Member=Component R9 0805
Added Member To Class: ClassName=PiModulos Member=Component R10 0805
Added Member To Class: ClassName=PiModulos Member=Component R11 0805
Added Member To Class: ClassName=PiModulos Member=Component R12 0805
Added Member To Class: ClassName=PiModulos Member=Component R13 0805
Added Member To Class: ClassName=PiModulos Member=Component R14 0805
Added Member To Class: ClassName=PiModulos Member=Component R15 0805
Added Member To Class: ClassName=PiModulos Member=Component R16 0805
Added Member To Class: ClassName=PiModulos Member=Component R17 0805
Added Member To Class: ClassName=PiModulos Member=Component R18 0805
Added Member To Class: ClassName=PiModulos Member=Component R19 0805
Added Member To Class: ClassName=PiModulos Member=Component R20 0805
Added Member To Class: ClassName=PiModulos Member=Component R21 0805
Added Member To Class: ClassName=PiModulos Member=Component R22 0805
Added Member To Class: ClassName=PiModulos Member=Component R23 0805
Added Member To Class: ClassName=PiModulos Member=Component R27 0805
